<?xml version="1.0" encoding="UTF-8"?>
<testsuite xmlns:xsi="http://www.w3.org/2001/XMLSchema-instance" xsi:noNamespaceSchemaLocation="https://maven.apache.org/surefire/maven-surefire-plugin/xsd/surefire-test-report-3.0.xsd" version="3.0" name="TestSuite" time="34.176" tests="1" errors="0" skipped="0" failures="0">
  <properties>
    <property name="java.specification.version" value="15"/>
    <property name="webdriver.chrome.driver" value="C:\Users\NRABHA\.cache\selenium\chromedriver\win32\103.0.5060.53\chromedriver.exe"/>
    <property name="sun.cpu.isalist" value="amd64"/>
    <property name="sun.jnu.encoding" value="Cp1252"/>
    <property name="java.class.path" value="C:\Users\NRABHA\eclipse-workspace\API-IV\target\test-classes;C:\Users\NRABHA\eclipse-workspace\API-IV\target\classes;C:\Users\NRABHA\.m2\repository\org\projectlombok\lombok\1.18.24\lombok-1.18.24.jar;C:\Users\NRABHA\.m2\repository\org\testng\testng\7.3.0\testng-7.3.0.jar;C:\Users\NRABHA\.m2\repository\com\beust\jcommander\1.78\jcommander-1.78.jar;C:\Users\NRABHA\.m2\repository\org\apache\ant\ant\1.10.3\ant-1.10.3.jar;C:\Users\NRABHA\.m2\repository\org\apache\ant\ant-launcher\1.10.3\ant-launcher-1.10.3.jar;C:\Users\NRABHA\.m2\repository\junit\junit\4.12\junit-4.12.jar;C:\Users\NRABHA\.m2\repository\org\hamcrest\hamcrest-core\1.3\hamcrest-core-1.3.jar;C:\Users\NRABHA\.m2\repository\com\google\inject\guice\4.2.2\guice-4.2.2-no_aop.jar;C:\Users\NRABHA\.m2\repository\javax\inject\javax.inject\1\javax.inject-1.jar;C:\Users\NRABHA\.m2\repository\aopalliance\aopalliance\1.0\aopalliance-1.0.jar;C:\Users\NRABHA\.m2\repository\org\yaml\snakeyaml\1.21\snakeyaml-1.21.jar;C:\Users\NRABHA\.m2\repository\io\rest-assured\rest-assured\4.3.2\rest-assured-4.3.2.jar;C:\Users\NRABHA\.m2\repository\org\codehaus\groovy\groovy\3.0.6\groovy-3.0.6.jar;C:\Users\NRABHA\.m2\repository\org\codehaus\groovy\groovy-xml\3.0.6\groovy-xml-3.0.6.jar;C:\Users\NRABHA\.m2\repository\org\apache\httpcomponents\httpclient\4.5.3\httpclient-4.5.3.jar;C:\Users\NRABHA\.m2\repository\org\apache\httpcomponents\httpcore\4.4.6\httpcore-4.4.6.jar;C:\Users\NRABHA\.m2\repository\commons-logging\commons-logging\1.2\commons-logging-1.2.jar;C:\Users\NRABHA\.m2\repository\commons-codec\commons-codec\1.9\commons-codec-1.9.jar;C:\Users\NRABHA\.m2\repository\org\apache\httpcomponents\httpmime\4.5.3\httpmime-4.5.3.jar;C:\Users\NRABHA\.m2\repository\org\hamcrest\hamcrest\2.1\hamcrest-2.1.jar;C:\Users\NRABHA\.m2\repository\org\ccil\cowan\tagsoup\tagsoup\1.2.1\tagsoup-1.2.1.jar;C:\Users\NRABHA\.m2\repository\io\rest-assured\json-path\4.3.2\json-path-4.3.2.jar;C:\Users\NRABHA\.m2\repository\org\codehaus\groovy\groovy-json\3.0.6\groovy-json-3.0.6.jar;C:\Users\NRABHA\.m2\repository\io\rest-assured\rest-assured-common\4.3.2\rest-assured-common-4.3.2.jar;C:\Users\NRABHA\.m2\repository\io\rest-assured\xml-path\4.3.2\xml-path-4.3.2.jar;C:\Users\NRABHA\.m2\repository\org\apache\commons\commons-lang3\3.11\commons-lang3-3.11.jar;C:\Users\NRABHA\.m2\repository\jakarta\xml\bind\jakarta.xml.bind-api\2.3.3\jakarta.xml.bind-api-2.3.3.jar;C:\Users\NRABHA\.m2\repository\jakarta\activation\jakarta.activation-api\1.2.2\jakarta.activation-api-1.2.2.jar;C:\Users\NRABHA\.m2\repository\com\sun\xml\bind\jaxb-impl\2.3.3\jaxb-impl-2.3.3.jar;C:\Users\NRABHA\.m2\repository\com\fasterxml\jackson\core\jackson-databind\2.11.3\jackson-databind-2.11.3.jar;C:\Users\NRABHA\.m2\repository\com\fasterxml\jackson\core\jackson-annotations\2.11.3\jackson-annotations-2.11.3.jar;C:\Users\NRABHA\.m2\repository\com\fasterxml\jackson\core\jackson-core\2.11.3\jackson-core-2.11.3.jar;C:\Users\NRABHA\.m2\repository\org\apache\poi\poi-ooxml\5.2.2\poi-ooxml-5.2.2.jar;C:\Users\NRABHA\.m2\repository\org\apache\poi\poi\5.2.2\poi-5.2.2.jar;C:\Users\NRABHA\.m2\repository\org\apache\commons\commons-math3\3.6.1\commons-math3-3.6.1.jar;C:\Users\NRABHA\.m2\repository\com\zaxxer\SparseBitSet\1.2\SparseBitSet-1.2.jar;C:\Users\NRABHA\.m2\repository\org\apache\poi\poi-ooxml-lite\5.2.2\poi-ooxml-lite-5.2.2.jar;C:\Users\NRABHA\.m2\repository\org\apache\xmlbeans\xmlbeans\5.0.3\xmlbeans-5.0.3.jar;C:\Users\NRABHA\.m2\repository\org\apache\commons\commons-compress\1.21\commons-compress-1.21.jar;C:\Users\NRABHA\.m2\repository\commons-io\commons-io\2.11.0\commons-io-2.11.0.jar;C:\Users\NRABHA\.m2\repository\com\github\virtuald\curvesapi\1.07\curvesapi-1.07.jar;C:\Users\NRABHA\.m2\repository\org\apache\logging\log4j\log4j-api\2.17.2\log4j-api-2.17.2.jar;C:\Users\NRABHA\.m2\repository\org\apache\commons\commons-collections4\4.4\commons-collections4-4.4.jar;C:\Users\NRABHA\.m2\repository\com\aventstack\extentreports\5.0.9\extentreports-5.0.9.jar;C:\Users\NRABHA\.m2\repository\io\reactivex\rxjava3\rxjava\3.0.4\rxjava-3.0.4.jar;C:\Users\NRABHA\.m2\repository\org\reactivestreams\reactive-streams\1.0.3\reactive-streams-1.0.3.jar;C:\Users\NRABHA\.m2\repository\org\freemarker\freemarker\2.3.30\freemarker-2.3.30.jar;C:\Users\NRABHA\.m2\repository\com\google\code\gson\gson\2.8.6\gson-2.8.6.jar;C:\Users\NRABHA\.m2\repository\com\googlecode\json-simple\json-simple\1.1.1\json-simple-1.1.1.jar;C:\Users\NRABHA\.m2\repository\org\seleniumhq\selenium\selenium-java\3.141.59\selenium-java-3.141.59.jar;C:\Users\NRABHA\.m2\repository\org\seleniumhq\selenium\selenium-api\3.141.59\selenium-api-3.141.59.jar;C:\Users\NRABHA\.m2\repository\org\seleniumhq\selenium\selenium-chrome-driver\3.141.59\selenium-chrome-driver-3.141.59.jar;C:\Users\NRABHA\.m2\repository\org\seleniumhq\selenium\selenium-edge-driver\3.141.59\selenium-edge-driver-3.141.59.jar;C:\Users\NRABHA\.m2\repository\org\seleniumhq\selenium\selenium-firefox-driver\3.141.59\selenium-firefox-driver-3.141.59.jar;C:\Users\NRABHA\.m2\repository\org\seleniumhq\selenium\selenium-ie-driver\3.141.59\selenium-ie-driver-3.141.59.jar;C:\Users\NRABHA\.m2\repository\org\seleniumhq\selenium\selenium-opera-driver\3.141.59\selenium-opera-driver-3.141.59.jar;C:\Users\NRABHA\.m2\repository\org\seleniumhq\selenium\selenium-remote-driver\3.141.59\selenium-remote-driver-3.141.59.jar;C:\Users\NRABHA\.m2\repository\org\seleniumhq\selenium\selenium-safari-driver\3.141.59\selenium-safari-driver-3.141.59.jar;C:\Users\NRABHA\.m2\repository\org\seleniumhq\selenium\selenium-support\3.141.59\selenium-support-3.141.59.jar;C:\Users\NRABHA\.m2\repository\net\bytebuddy\byte-buddy\1.8.15\byte-buddy-1.8.15.jar;C:\Users\NRABHA\.m2\repository\org\apache\commons\commons-exec\1.3\commons-exec-1.3.jar;C:\Users\NRABHA\.m2\repository\com\google\guava\guava\25.0-jre\guava-25.0-jre.jar;C:\Users\NRABHA\.m2\repository\com\google\code\findbugs\jsr305\1.3.9\jsr305-1.3.9.jar;C:\Users\NRABHA\.m2\repository\org\checkerframework\checker-compat-qual\2.0.0\checker-compat-qual-2.0.0.jar;C:\Users\NRABHA\.m2\repository\com\google\errorprone\error_prone_annotations\2.1.3\error_prone_annotations-2.1.3.jar;C:\Users\NRABHA\.m2\repository\com\google\j2objc\j2objc-annotations\1.1\j2objc-annotations-1.1.jar;C:\Users\NRABHA\.m2\repository\org\codehaus\mojo\animal-sniffer-annotations\1.14\animal-sniffer-annotations-1.14.jar;C:\Users\NRABHA\.m2\repository\com\squareup\okhttp3\okhttp\3.11.0\okhttp-3.11.0.jar;C:\Users\NRABHA\.m2\repository\com\squareup\okio\okio\1.14.0\okio-1.14.0.jar;C:\Users\NRABHA\.m2\repository\io\github\bonigarcia\webdrivermanager\5.0.3\webdrivermanager-5.0.3.jar;C:\Users\NRABHA\.m2\repository\org\slf4j\slf4j-api\1.7.32\slf4j-api-1.7.32.jar;C:\Users\NRABHA\.m2\repository\org\jsoup\jsoup\1.14.2\jsoup-1.14.2.jar;C:\Users\NRABHA\.m2\repository\com\github\docker-java\docker-java\3.2.12\docker-java-3.2.12.jar;C:\Users\NRABHA\.m2\repository\com\github\docker-java\docker-java-core\3.2.12\docker-java-core-3.2.12.jar;C:\Users\NRABHA\.m2\repository\com\github\docker-java\docker-java-api\3.2.12\docker-java-api-3.2.12.jar;C:\Users\NRABHA\.m2\repository\commons-lang\commons-lang\2.6\commons-lang-2.6.jar;C:\Users\NRABHA\.m2\repository\org\bouncycastle\bcpkix-jdk15on\1.64\bcpkix-jdk15on-1.64.jar;C:\Users\NRABHA\.m2\repository\org\bouncycastle\bcprov-jdk15on\1.64\bcprov-jdk15on-1.64.jar;C:\Users\NRABHA\.m2\repository\org\slf4j\jcl-over-slf4j\1.7.30\jcl-over-slf4j-1.7.30.jar;C:\Users\NRABHA\.m2\repository\com\github\docker-java\docker-java-transport-httpclient5\3.2.12\docker-java-transport-httpclient5-3.2.12.jar;C:\Users\NRABHA\.m2\repository\com\github\docker-java\docker-java-transport\3.2.12\docker-java-transport-3.2.12.jar;C:\Users\NRABHA\.m2\repository\org\apache\httpcomponents\client5\httpclient5\5.0.3\httpclient5-5.0.3.jar;C:\Users\NRABHA\.m2\repository\org\apache\httpcomponents\core5\httpcore5\5.0.2\httpcore5-5.0.2.jar;C:\Users\NRABHA\.m2\repository\net\java\dev\jna\jna\5.8.0\jna-5.8.0.jar;C:\Users\NRABHA\.m2\repository\org\brotli\dec\0.1.2\dec-0.1.2.jar;"/>
    <property name="java.vm.vendor" value="AdoptOpenJDK"/>
    <property name="sun.arch.data.model" value="64"/>
    <property name="user.variant" value=""/>
    <property name="java.vendor.url" value="https://adoptopenjdk.net/"/>
    <property name="user.timezone" value="Asia/Calcutta"/>
    <property name="os.name" value="Windows 10"/>
    <property name="java.vm.specification.version" value="15"/>
    <property name="sun.java.launcher" value="SUN_STANDARD"/>
    <property name="user.country" value="US"/>
    <property name="sun.boot.library.path" value="C:\Program Files\AdoptOpenJDK\jdk-15.0.0.36-hotspot\bin"/>
    <property name="sun.java.command" value="C:\Users\NRABHA\AppData\Local\Temp\surefire15699493456722397510\surefirebooter-20220718123335492_3.jar C:\Users\NRABHA\AppData\Local\Temp\surefire15699493456722397510 2022-07-18T12-33-35_056-jvmRun1 surefire-20220718123335492_1tmp surefire_0-20220718123335492_2tmp"/>
    <property name="jdk.debug" value="release"/>
    <property name="surefire.test.class.path" value="C:\Users\NRABHA\eclipse-workspace\API-IV\target\test-classes;C:\Users\NRABHA\eclipse-workspace\API-IV\target\classes;C:\Users\NRABHA\.m2\repository\org\projectlombok\lombok\1.18.24\lombok-1.18.24.jar;C:\Users\NRABHA\.m2\repository\org\testng\testng\7.3.0\testng-7.3.0.jar;C:\Users\NRABHA\.m2\repository\com\beust\jcommander\1.78\jcommander-1.78.jar;C:\Users\NRABHA\.m2\repository\org\apache\ant\ant\1.10.3\ant-1.10.3.jar;C:\Users\NRABHA\.m2\repository\org\apache\ant\ant-launcher\1.10.3\ant-launcher-1.10.3.jar;C:\Users\NRABHA\.m2\repository\junit\junit\4.12\junit-4.12.jar;C:\Users\NRABHA\.m2\repository\org\hamcrest\hamcrest-core\1.3\hamcrest-core-1.3.jar;C:\Users\NRABHA\.m2\repository\com\google\inject\guice\4.2.2\guice-4.2.2-no_aop.jar;C:\Users\NRABHA\.m2\repository\javax\inject\javax.inject\1\javax.inject-1.jar;C:\Users\NRABHA\.m2\repository\aopalliance\aopalliance\1.0\aopalliance-1.0.jar;C:\Users\NRABHA\.m2\repository\org\yaml\snakeyaml\1.21\snakeyaml-1.21.jar;C:\Users\NRABHA\.m2\repository\io\rest-assured\rest-assured\4.3.2\rest-assured-4.3.2.jar;C:\Users\NRABHA\.m2\repository\org\codehaus\groovy\groovy\3.0.6\groovy-3.0.6.jar;C:\Users\NRABHA\.m2\repository\org\codehaus\groovy\groovy-xml\3.0.6\groovy-xml-3.0.6.jar;C:\Users\NRABHA\.m2\repository\org\apache\httpcomponents\httpclient\4.5.3\httpclient-4.5.3.jar;C:\Users\NRABHA\.m2\repository\org\apache\httpcomponents\httpcore\4.4.6\httpcore-4.4.6.jar;C:\Users\NRABHA\.m2\repository\commons-logging\commons-logging\1.2\commons-logging-1.2.jar;C:\Users\NRABHA\.m2\repository\commons-codec\commons-codec\1.9\commons-codec-1.9.jar;C:\Users\NRABHA\.m2\repository\org\apache\httpcomponents\httpmime\4.5.3\httpmime-4.5.3.jar;C:\Users\NRABHA\.m2\repository\org\hamcrest\hamcrest\2.1\hamcrest-2.1.jar;C:\Users\NRABHA\.m2\repository\org\ccil\cowan\tagsoup\tagsoup\1.2.1\tagsoup-1.2.1.jar;C:\Users\NRABHA\.m2\repository\io\rest-assured\json-path\4.3.2\json-path-4.3.2.jar;C:\Users\NRABHA\.m2\repository\org\codehaus\groovy\groovy-json\3.0.6\groovy-json-3.0.6.jar;C:\Users\NRABHA\.m2\repository\io\rest-assured\rest-assured-common\4.3.2\rest-assured-common-4.3.2.jar;C:\Users\NRABHA\.m2\repository\io\rest-assured\xml-path\4.3.2\xml-path-4.3.2.jar;C:\Users\NRABHA\.m2\repository\org\apache\commons\commons-lang3\3.11\commons-lang3-3.11.jar;C:\Users\NRABHA\.m2\repository\jakarta\xml\bind\jakarta.xml.bind-api\2.3.3\jakarta.xml.bind-api-2.3.3.jar;C:\Users\NRABHA\.m2\repository\jakarta\activation\jakarta.activation-api\1.2.2\jakarta.activation-api-1.2.2.jar;C:\Users\NRABHA\.m2\repository\com\sun\xml\bind\jaxb-impl\2.3.3\jaxb-impl-2.3.3.jar;C:\Users\NRABHA\.m2\repository\com\fasterxml\jackson\core\jackson-databind\2.11.3\jackson-databind-2.11.3.jar;C:\Users\NRABHA\.m2\repository\com\fasterxml\jackson\core\jackson-annotations\2.11.3\jackson-annotations-2.11.3.jar;C:\Users\NRABHA\.m2\repository\com\fasterxml\jackson\core\jackson-core\2.11.3\jackson-core-2.11.3.jar;C:\Users\NRABHA\.m2\repository\org\apache\poi\poi-ooxml\5.2.2\poi-ooxml-5.2.2.jar;C:\Users\NRABHA\.m2\repository\org\apache\poi\poi\5.2.2\poi-5.2.2.jar;C:\Users\NRABHA\.m2\repository\org\apache\commons\commons-math3\3.6.1\commons-math3-3.6.1.jar;C:\Users\NRABHA\.m2\repository\com\zaxxer\SparseBitSet\1.2\SparseBitSet-1.2.jar;C:\Users\NRABHA\.m2\repository\org\apache\poi\poi-ooxml-lite\5.2.2\poi-ooxml-lite-5.2.2.jar;C:\Users\NRABHA\.m2\repository\org\apache\xmlbeans\xmlbeans\5.0.3\xmlbeans-5.0.3.jar;C:\Users\NRABHA\.m2\repository\org\apache\commons\commons-compress\1.21\commons-compress-1.21.jar;C:\Users\NRABHA\.m2\repository\commons-io\commons-io\2.11.0\commons-io-2.11.0.jar;C:\Users\NRABHA\.m2\repository\com\github\virtuald\curvesapi\1.07\curvesapi-1.07.jar;C:\Users\NRABHA\.m2\repository\org\apache\logging\log4j\log4j-api\2.17.2\log4j-api-2.17.2.jar;C:\Users\NRABHA\.m2\repository\org\apache\commons\commons-collections4\4.4\commons-collections4-4.4.jar;C:\Users\NRABHA\.m2\repository\com\aventstack\extentreports\5.0.9\extentreports-5.0.9.jar;C:\Users\NRABHA\.m2\repository\io\reactivex\rxjava3\rxjava\3.0.4\rxjava-3.0.4.jar;C:\Users\NRABHA\.m2\repository\org\reactivestreams\reactive-streams\1.0.3\reactive-streams-1.0.3.jar;C:\Users\NRABHA\.m2\repository\org\freemarker\freemarker\2.3.30\freemarker-2.3.30.jar;C:\Users\NRABHA\.m2\repository\com\google\code\gson\gson\2.8.6\gson-2.8.6.jar;C:\Users\NRABHA\.m2\repository\com\googlecode\json-simple\json-simple\1.1.1\json-simple-1.1.1.jar;C:\Users\NRABHA\.m2\repository\org\seleniumhq\selenium\selenium-java\3.141.59\selenium-java-3.141.59.jar;C:\Users\NRABHA\.m2\repository\org\seleniumhq\selenium\selenium-api\3.141.59\selenium-api-3.141.59.jar;C:\Users\NRABHA\.m2\repository\org\seleniumhq\selenium\selenium-chrome-driver\3.141.59\selenium-chrome-driver-3.141.59.jar;C:\Users\NRABHA\.m2\repository\org\seleniumhq\selenium\selenium-edge-driver\3.141.59\selenium-edge-driver-3.141.59.jar;C:\Users\NRABHA\.m2\repository\org\seleniumhq\selenium\selenium-firefox-driver\3.141.59\selenium-firefox-driver-3.141.59.jar;C:\Users\NRABHA\.m2\repository\org\seleniumhq\selenium\selenium-ie-driver\3.141.59\selenium-ie-driver-3.141.59.jar;C:\Users\NRABHA\.m2\repository\org\seleniumhq\selenium\selenium-opera-driver\3.141.59\selenium-opera-driver-3.141.59.jar;C:\Users\NRABHA\.m2\repository\org\seleniumhq\selenium\selenium-remote-driver\3.141.59\selenium-remote-driver-3.141.59.jar;C:\Users\NRABHA\.m2\repository\org\seleniumhq\selenium\selenium-safari-driver\3.141.59\selenium-safari-driver-3.141.59.jar;C:\Users\NRABHA\.m2\repository\org\seleniumhq\selenium\selenium-support\3.141.59\selenium-support-3.141.59.jar;C:\Users\NRABHA\.m2\repository\net\bytebuddy\byte-buddy\1.8.15\byte-buddy-1.8.15.jar;C:\Users\NRABHA\.m2\repository\org\apache\commons\commons-exec\1.3\commons-exec-1.3.jar;C:\Users\NRABHA\.m2\repository\com\google\guava\guava\25.0-jre\guava-25.0-jre.jar;C:\Users\NRABHA\.m2\repository\com\google\code\findbugs\jsr305\1.3.9\jsr305-1.3.9.jar;C:\Users\NRABHA\.m2\repository\org\checkerframework\checker-compat-qual\2.0.0\checker-compat-qual-2.0.0.jar;C:\Users\NRABHA\.m2\repository\com\google\errorprone\error_prone_annotations\2.1.3\error_prone_annotations-2.1.3.jar;C:\Users\NRABHA\.m2\repository\com\google\j2objc\j2objc-annotations\1.1\j2objc-annotations-1.1.jar;C:\Users\NRABHA\.m2\repository\org\codehaus\mojo\animal-sniffer-annotations\1.14\animal-sniffer-annotations-1.14.jar;C:\Users\NRABHA\.m2\repository\com\squareup\okhttp3\okhttp\3.11.0\okhttp-3.11.0.jar;C:\Users\NRABHA\.m2\repository\com\squareup\okio\okio\1.14.0\okio-1.14.0.jar;C:\Users\NRABHA\.m2\repository\io\github\bonigarcia\webdrivermanager\5.0.3\webdrivermanager-5.0.3.jar;C:\Users\NRABHA\.m2\repository\org\slf4j\slf4j-api\1.7.32\slf4j-api-1.7.32.jar;C:\Users\NRABHA\.m2\repository\org\jsoup\jsoup\1.14.2\jsoup-1.14.2.jar;C:\Users\NRABHA\.m2\repository\com\github\docker-java\docker-java\3.2.12\docker-java-3.2.12.jar;C:\Users\NRABHA\.m2\repository\com\github\docker-java\docker-java-core\3.2.12\docker-java-core-3.2.12.jar;C:\Users\NRABHA\.m2\repository\com\github\docker-java\docker-java-api\3.2.12\docker-java-api-3.2.12.jar;C:\Users\NRABHA\.m2\repository\commons-lang\commons-lang\2.6\commons-lang-2.6.jar;C:\Users\NRABHA\.m2\repository\org\bouncycastle\bcpkix-jdk15on\1.64\bcpkix-jdk15on-1.64.jar;C:\Users\NRABHA\.m2\repository\org\bouncycastle\bcprov-jdk15on\1.64\bcprov-jdk15on-1.64.jar;C:\Users\NRABHA\.m2\repository\org\slf4j\jcl-over-slf4j\1.7.30\jcl-over-slf4j-1.7.30.jar;C:\Users\NRABHA\.m2\repository\com\github\docker-java\docker-java-transport-httpclient5\3.2.12\docker-java-transport-httpclient5-3.2.12.jar;C:\Users\NRABHA\.m2\repository\com\github\docker-java\docker-java-transport\3.2.12\docker-java-transport-3.2.12.jar;C:\Users\NRABHA\.m2\repository\org\apache\httpcomponents\client5\httpclient5\5.0.3\httpclient5-5.0.3.jar;C:\Users\NRABHA\.m2\repository\org\apache\httpcomponents\core5\httpcore5\5.0.2\httpcore5-5.0.2.jar;C:\Users\NRABHA\.m2\repository\net\java\dev\jna\jna\5.8.0\jna-5.8.0.jar;C:\Users\NRABHA\.m2\repository\org\brotli\dec\0.1.2\dec-0.1.2.jar;"/>
    <property name="sun.cpu.endian" value="little"/>
    <property name="user.home" value="C:\Users\NRABHA"/>
    <property name="user.language" value="en"/>
    <property name="java.specification.vendor" value="Oracle Corporation"/>
    <property name="java.version.date" value="2020-09-15"/>
    <property name="java.home" value="C:\Program Files\AdoptOpenJDK\jdk-15.0.0.36-hotspot"/>
    <property name="file.separator" value="\"/>
    <property name="basedir" value="C:\Users\NRABHA\eclipse-workspace\API-IV"/>
    <property name="java.vm.compressedOopsMode" value="Zero based"/>
    <property name="line.separator" value="&#10;"/>
    <property name="java.vm.specification.vendor" value="Oracle Corporation"/>
    <property name="java.specification.name" value="Java Platform API Specification"/>
    <property name="surefire.real.class.path" value="C:\Users\NRABHA\AppData\Local\Temp\surefire15699493456722397510\surefirebooter-20220718123335492_3.jar"/>
    <property name="user.script" value=""/>
    <property name="sun.management.compiler" value="HotSpot 64-Bit Tiered Compilers"/>
    <property name="java.runtime.version" value="15+36"/>
    <property name="user.name" value="nrabha"/>
    <property name="path.separator" value=";"/>
    <property name="os.version" value="10.0"/>
    <property name="java.runtime.name" value="OpenJDK Runtime Environment"/>
    <property name="file.encoding" value="Cp1252"/>
    <property name="java.vm.name" value="OpenJDK 64-Bit Server VM"/>
    <property name="java.vendor.version" value="AdoptOpenJDK"/>
    <property name="localRepository" value="C:\Users\NRABHA\.m2\repository"/>
    <property name="java.vendor.url.bug" value="https://github.com/AdoptOpenJDK/openjdk-support/issues"/>
    <property name="java.io.tmpdir" value="C:\Users\NRABHA\AppData\Local\Temp\"/>
    <property name="java.version" value="15"/>
    <property name="user.dir" value="C:\Users\NRABHA\eclipse-workspace\API-IV"/>
    <property name="os.arch" value="amd64"/>
    <property name="java.vm.specification.name" value="Java Virtual Machine Specification"/>
    <property name="sun.os.patch.level" value=""/>
    <property name="java.library.path" value="C:\Program Files\AdoptOpenJDK\jdk-15.0.0.36-hotspot\bin;C:\WINDOWS\Sun\Java\bin;C:\WINDOWS\system32;C:\WINDOWS;C:\Program Files (x86)\Common Files\Oracle\Java\javapath;C:\oraclexe\app\oracle\product\11.2.0\server\bin;;C:\Program Files\AdoptOpenJDK\jdk-15.0.0.36-hotspot\bin;C:\WINDOWS\system32;C:\WINDOWS;C:\WINDOWS\System32\Wbem;C:\WINDOWS\System32\WindowsPowerShell\v1.0\;C:\WINDOWS\System32\OpenSSH\;C:\apache-maven-3.8.4\bin;C:\Users\NRABHA\Documents\sqlcl\bin;C:\Program Files\nodejs\;C:\Users\NRABHA\AppData\Local\Microsoft\WindowsApps;C:\Users\NRABHA\AppData\Local\Programs\Git\cmd;C:\Program Files\AdoptOpenJDK\jdk-15.0.0.36-hotspot\bin;C:\Users\NRABHA\AppData\Local\Programs\Microsoft VS Code\bin;C:\Users\NRABHA\AppData\Local\Programs\Hyper\resources\bin;C:\MinGW\bin;C:\Users\NRABHA\AppData\Local\GitHubDesktop\bin;C:\Users\NRABHA\AppData\Roaming\npm;;."/>
    <property name="java.vm.info" value="mixed mode, sharing"/>
    <property name="java.vendor" value="AdoptOpenJDK"/>
    <property name="java.vm.version" value="15+36"/>
    <property name="sun.io.unicode.encoding" value="UnicodeLittle"/>
    <property name="java.class.version" value="59.0"/>
  </properties>
  <testcase name="GetData" classname="tests.FetchFitnessData" time="33.238">
    <system-out><![CDATA[Wait running Selenium Script
Successfully visited www.strava.com
Successfully logged in
Successfully authorized
sending authorization code to test case
Successfully recieved authorization code: 9ed99f26b6005c5dd6dafad1df10ab3b15de638f
Sending authorization code to post request to get access token
Using the access token to get the fitness activites of a user
HTTP/1.1 200 OK
Content-Type: application/json; charset=utf-8
Transfer-Encoding: chunked
Connection: keep-alive
Date: Mon, 18 Jul 2022 07:04:10 GMT
Via: 1.1 linkerd, 1.1 linkerd, 1.1 b3f8e8e0dc167776bfbaa612926660f8.cloudfront.net (CloudFront)
ETag: W/"aa7c556be4c7ffb38e1a1ff20c1e50c6"
Vary: Origin
Server: nginx/1.21.3
Status: 200 OK
X-Request-Id: 314d8aee-da35-4acc-9666-74f23947c891
Cache-Control: max-age=0, private, must-revalidate
Referrer-Policy: strict-origin-when-cross-origin
X-Frame-Options: DENY
Content-Encoding: gzip
X-XSS-Protection: 1; mode=block
X-RateLimit-Limit: 100,1000
X-RateLimit-Usage: 2,5
X-Download-Options: noopen
X-Content-Type-Options: nosniff
X-Permitted-Cross-Domain-Policies: none
X-Cache: Miss from cloudfront
X-Amz-Cf-Pop: CCU50-C1
X-Amz-Cf-Id: wcaoAyBc1bnGTVHO0pad3WUUkxChOfJuOFefm9wKF5wZzxxd1dpJnw==

[
    {
        "resource_state": 2,
        "athlete": {
            "id": 105652472,
            "resource_state": 1
        },
        "name": "Evening Swim",
        "distance": 457.2,
        "moving_time": 1800,
        "elapsed_time": 1800,
        "total_elevation_gain": 0,
        "type": "Swim",
        "sport_type": "Swim",
        "id": 7478731519,
        "start_date": "2022-07-16T14:00:00Z",
        "start_date_local": "2022-07-16T19:30:00Z",
        "timezone": "(GMT+05:30) Asia/Kolkata",
        "utc_offset": 19800.0,
        "location_city": null,
        "location_state": null,
        "location_country": "India",
        "achievement_count": 0,
        "kudos_count": 0,
        "comment_count": 0,
        "athlete_count": 1,
        "photo_count": 0,
        "map": {
            "id": "a7478731519",
            "summary_polyline": null,
            "resource_state": 2
        },
        "trainer": true,
        "commute": false,
        "manual": true,
        "private": false,
        "visibility": "everyone",
        "flagged": false,
        "gear_id": null,
        "start_latlng": [
            
        ],
        "end_latlng": [
            
        ],
        "average_speed": 0.254,
        "max_speed": 0,
        "has_heartrate": false,
        "heartrate_opt_out": false,
        "display_hide_heartrate_option": false,
        "upload_id": null,
        "external_id": null,
        "from_accepted_tag": false,
        "pr_count": 0,
        "total_photo_count": 0,
        "has_kudoed": false
    },
    {
        "resource_state": 2,
        "athlete": {
            "id": 105652472,
            "resource_state": 1
        },
        "name": "Morning Run",
        "distance": 2000.0,
        "moving_time": 3600,
        "elapsed_time": 3600,
        "total_elevation_gain": 20.0,
        "type": "Run",
        "sport_type": "Run",
        "workout_type": 2,
        "id": 7478713614,
        "start_date": "2022-07-16T13:50:00Z",
        "start_date_local": "2022-07-16T19:20:00Z",
        "timezone": "(GMT+05:30) Asia/Kolkata",
        "utc_offset": 19800.0,
        "location_city": null,
        "location_state": null,
        "location_country": "India",
        "achievement_count": 0,
        "kudos_count": 0,
        "comment_count": 0,
        "athlete_count": 1,
        "photo_count": 0,
        "map": {
            "id": "a7478713614",
            "summary_polyline": null,
            "resource_state": 2
        },
        "trainer": false,
        "commute": false,
        "manual": true,
        "private": false,
        "visibility": "everyone",
        "flagged": false,
        "gear_id": "g11103852",
        "start_latlng": [
            
        ],
        "end_latlng": [
            
        ],
        "average_speed": 0.556,
        "max_speed": 0,
        "has_heartrate": false,
        "heartrate_opt_out": false,
        "display_hide_heartrate_option": false,
        "upload_id": null,
        "external_id": null,
        "from_accepted_tag": false,
        "pr_count": 0,
        "total_photo_count": 0,
        "has_kudoed": false
    },
    {
        "resource_state": 2,
        "athlete": {
            "id": 105652472,
            "resource_state": 1
        },
        "name": "Evening Run",
        "distance": 2000.0,
        "moving_time": 3600,
        "elapsed_time": 3600,
        "total_elevation_gain": 50.0,
        "type": "Run",
        "sport_type": "Run",
        "workout_type": 2,
        "id": 7478514055,
        "start_date": "2022-07-16T13:00:00Z",
        "start_date_local": "2022-07-16T18:30:00Z",
        "timezone": "(GMT+05:30) Asia/Kolkata",
        "utc_offset": 19800.0,
        "location_city": null,
        "location_state": null,
        "location_country": "India",
        "achievement_count": 0,
        "kudos_count": 0,
        "comment_count": 0,
        "athlete_count": 1,
        "photo_count": 0,
        "map": {
            "id": "a7478514055",
            "summary_polyline": null,
            "resource_state": 2
        },
        "trainer": false,
        "commute": false,
        "manual": true,
        "private": false,
        "visibility": "everyone",
        "flagged": false,
        "gear_id": "g11103852",
        "start_latlng": [
            
        ],
        "end_latlng": [
            
        ],
        "average_speed": 0.556,
        "max_speed": 0,
        "has_heartrate": false,
        "heartrate_opt_out": false,
        "display_hide_heartrate_option": false,
        "upload_id": null,
        "external_id": null,
        "from_accepted_tag": false,
        "pr_count": 0,
        "total_photo_count": 0,
        "has_kudoed": false
    },
    {
        "resource_state": 2,
        "athlete": {
            "id": 105652472,
            "resource_state": 1
        },
        "name": "Morning Activity",
        "distance": 0.0,
        "moving_time": 3600,
        "elapsed_time": 3600,
        "total_elevation_gain": 0,
        "type": "Workout",
        "sport_type": "Workout",
        "id": 7477103258,
        "start_date": "2022-07-16T02:30:00Z",
        "start_date_local": "2022-07-16T08:00:00Z",
        "timezone": "(GMT+05:30) Asia/Kolkata",
        "utc_offset": 19800.0,
        "location_city": null,
        "location_state": null,
        "location_country": "India",
        "achievement_count": 0,
        "kudos_count": 0,
        "comment_count": 0,
        "athlete_count": 1,
        "photo_count": 0,
        "map": {
            "id": "a7477103258",
            "summary_polyline": null,
            "resource_state": 2
        },
        "trainer": false,
        "commute": false,
        "manual": true,
        "private": false,
        "visibility": "everyone",
        "flagged": false,
        "gear_id": null,
        "start_latlng": [
            
        ],
        "end_latlng": [
            
        ],
        "average_speed": 0.0,
        "max_speed": 0,
        "has_heartrate": false,
        "heartrate_opt_out": false,
        "display_hide_heartrate_option": false,
        "upload_id": null,
        "external_id": null,
        "from_accepted_tag": false,
        "pr_count": 0,
        "total_photo_count": 0,
        "has_kudoed": false
    },
    {
        "resource_state": 2,
        "athlete": {
            "id": 105652472,
            "resource_state": 1
        },
        "name": "E-Bike Ride",
        "distance": 10000.0,
        "moving_time": 3600,
        "elapsed_time": 3600,
        "total_elevation_gain": 15.0,
        "type": "EBikeRide",
        "sport_type": "EBikeRide",
        "id": 7478750705,
        "start_date": "2022-07-03T14:30:00Z",
        "start_date_local": "2022-07-03T20:00:00Z",
        "timezone": "(GMT+05:30) Asia/Kolkata",
        "utc_offset": 19800.0,
        "location_city": null,
        "location_state": null,
        "location_country": "India",
        "achievement_count": 0,
        "kudos_count": 0,
        "comment_count": 0,
        "athlete_count": 1,
        "photo_count": 0,
        "map": {
            "id": "a7478750705",
            "summary_polyline": null,
            "resource_state": 2
        },
        "trainer": false,
        "commute": true,
        "manual": true,
        "private": false,
        "visibility": "everyone",
        "flagged": false,
        "gear_id": null,
        "start_latlng": [
            
        ],
        "end_latlng": [
            
        ],
        "average_speed": 2.778,
        "max_speed": 0,
        "has_heartrate": false,
        "heartrate_opt_out": false,
        "display_hide_heartrate_option": false,
        "upload_id": null,
        "external_id": null,
        "from_accepted_tag": false,
        "pr_count": 0,
        "total_photo_count": 0,
        "has_kudoed": false
    }
]
Successfully Fetched Activity Data for a strava user.!!!
]]></system-out>
    <system-err><![CDATA[SLF4J: Failed to load class "org.slf4j.impl.StaticLoggerBinder".
SLF4J: Defaulting to no-operation (NOP) logger implementation
SLF4J: See http://www.slf4j.org/codes.html#StaticLoggerBinder for further details.
Starting ChromeDriver 103.0.5060.53 (a1711811edd74ff1cf2150f36ffa3b0dae40b17f-refs/branch-heads/5060@{#853}) on port 25317
Only local connections are allowed.
Please see https://chromedriver.chromium.org/security-considerations for suggestions on keeping ChromeDriver safe.
ChromeDriver was started successfully.
Jul 18, 2022 12:33:38 PM org.openqa.selenium.remote.ProtocolHandshake createSession
INFO: Detected dialect: W3C
]]></system-err>
  </testcase>
</testsuite>