<?xml version="1.0" encoding="UTF-8"?>
<!-- Generated by org.testng.reporters.JUnitReportReporter -->
<testsuite hostname="LIN41006109" failures="0" tests="1" name="tests.FetchFitnessData" time="2.620" errors="0" timestamp="2022-07-16T21:33:12 IST" skipped="0">
  <testcase classname="tests.FetchFitnessData" name="GetData" time="2.620"/>
  <system-out/>
</testsuite> <!-- tests.FetchFitnessData -->
