<?xml version="1.0" encoding="UTF-8"?>
<!-- Generated by org.testng.reporters.JUnitReportReporter -->
<testsuite hostname="LIN41006109" failures="0" tests="1" name="tests.FetchFitnessData" time="33.220" errors="0" timestamp="2022-07-18T12:34:10 IST" skipped="0">
  <testcase classname="tests.FetchFitnessData" name="GetData" time="33.220"/>
  <system-out/>
</testsuite> <!-- tests.FetchFitnessData -->
