<?xml version="1.0" encoding="UTF-8"?>
<!-- Generated by org.testng.reporters.JUnitReportReporter -->
<testsuite hostname="LIN41006109" failures="0" tests="1" name="tests.FetchFitnessData" time="34.653" errors="0" timestamp="2022-07-18T11:59:44 IST" skipped="0">
  <testcase classname="tests.FetchFitnessData" name="GetData" time="34.653"/>
  <system-out/>
</testsuite> <!-- tests.FetchFitnessData -->
