<?xml version="1.0" encoding="UTF-8"?>
<!-- Generated by org.testng.reporters.JUnitReportReporter -->
<testsuite hostname="LIN41006109" failures="0" tests="1" name="tests.FetchFitnessData" time="38.612" errors="0" timestamp="2022-07-18T10:13:13 IST" skipped="0">
  <testcase classname="tests.FetchFitnessData" name="GetData" time="38.612"/>
  <system-out/>
</testsuite> <!-- tests.FetchFitnessData -->
